0 silly argv {
0 silly argv   _: [ 'version' ],
0 silly argv   'conventional-commits': true,
0 silly argv   conventionalCommits: true,
0 silly argv   'conventional-graduate': true,
0 silly argv   conventionalGraduate: true,
0 silly argv   yes: true,
0 silly argv   y: true,
0 silly argv   lernaVersion: '4.0.0',
0 silly argv   '$0': 'lerna'
0 silly argv }
1 notice cli v4.0.0
2 verbose rootPath /Users/i320393/git/monorepo
3 info versioning independent
4 silly isAnythingCommitted
5 verbose isAnythingCommitted 1
6 silly getCurrentBranch
7 verbose currentBranch dev
8 silly remoteBranchExists
9 silly isBehindUpstream
10 silly isBehindUpstream dev is behind origin/dev by 0 commit(s) and ahead by 0
11 silly hasTags
12 verbose hasTags true
13 silly git-describe.sync "@mysm/calculate@1.20.0-dev.0-2-gcbd6609" => {"lastTagName":"@mysm/calculate@1.20.0-dev.0","lastVersion":"1.20.0-dev.0","refCount":"2","sha":"cbd6609","isDirty":false}
14 warn conventional-graduate all packages
15 info Graduating all prereleased packages
16 info Looking for changed packages since @mysm/calculate@1.20.0-dev.0
17 verbose updated @mysm/calculate
18 verbose updated @mysm/substraction
19 silly independent for @mysm/calculate at /Users/i320393/git/monorepo/packages/calculate
20 verbose getChangelogConfig using preset "conventional-changelog-angular"
21 silly npa Result {
21 silly npa   type: 'tag',
21 silly npa   registry: true,
21 silly npa   where: undefined,
21 silly npa   raw: 'conventional-changelog-angular',
21 silly npa   name: 'conventional-changelog-angular',
21 silly npa   escapedName: 'conventional-changelog-angular',
21 silly npa   scope: undefined,
21 silly npa   rawSpec: '',
21 silly npa   saveSpec: null,
21 silly npa   fetchSpec: 'latest',
21 silly npa   gitRange: undefined,
21 silly npa   gitCommittish: undefined,
21 silly npa   hosted: undefined
21 silly npa }
22 verbose getChangelogConfig Attempting to resolve preset "conventional-changelog-angular"
23 info getChangelogConfig Successfully resolved preset "conventional-changelog-angular"
24 verbose independent increment 1.20.0-dev.0+ec19fcd by patch
25 silly independent for @mysm/substraction at /Users/i320393/git/monorepo/packages/substraction
26 verbose independent increment 1.22.0-dev.0 by patch
27 info auto-confirmed
28 info execute Skipping releases
29 silly lifecycle No script for "preversion" in "root", continuing
30 silly lifecycle No script for "preversion" in "@mysm/substraction", continuing
31 silly lifecycle No script for "version" in "@mysm/substraction", continuing
32 silly independent for @mysm/substraction at /Users/i320393/git/monorepo/packages/substraction
33 silly independent writing new entry: "# [1.22.0](https://github.com/madhusudansahu/testing/compare/@mysm/substraction@1.22.0-dev.0...@mysm/substraction@1.22.0) (2021-03-11)\n\n**Note:** Version bump only for package @mysm/substraction\n\n\n\n"
34 verbose independent wrote /Users/i320393/git/monorepo/packages/substraction/CHANGELOG.md
35 silly lifecycle No script for "preversion" in "@mysm/calculate", continuing
36 silly lifecycle No script for "version" in "@mysm/calculate", continuing
37 silly independent for @mysm/calculate at /Users/i320393/git/monorepo/packages/calculate
38 silly independent writing new entry: "# [1.20.0](https://github.com/madhusudansahu/testing/compare/@mysm/calculate@1.20.0-dev.0...@mysm/calculate@1.20.0) (2021-03-11)\n\n**Note:** Version bump only for package @mysm/calculate\n\n\n\n"
39 verbose independent wrote /Users/i320393/git/monorepo/packages/calculate/CHANGELOG.md
40 silly lifecycle No script for "version" in "root", continuing
41 silly gitAdd [
41 silly gitAdd   'packages/substraction/package.json',
41 silly gitAdd   'packages/substraction/CHANGELOG.md',
41 silly gitAdd   'packages/calculate/package.json',
41 silly gitAdd   'packages/calculate/package-lock.json',
41 silly gitAdd   'packages/calculate/CHANGELOG.md'
41 silly gitAdd ]
42 silly gitCommit Publish
42 silly gitCommit
42 silly gitCommit  - @mysm/calculate@1.20.0
42 silly gitCommit  - @mysm/substraction@1.22.0
43 verbose git [
43 verbose git   'commit',
43 verbose git   '-F',
43 verbose git   '/private/var/folders/rj/tp5_60ms6njbq8dqthx27n8r0000gn/T/0674405f-af2a-4c8f-a2c1-8db51e6e1478/lerna-commit.txt'
43 verbose git ]
44 silly gitTag @mysm/calculate@1.20.0
45 verbose git [ 'tag', '@mysm/calculate@1.20.0', '-m', '@mysm/calculate@1.20.0' ]
46 silly gitTag @mysm/substraction@1.22.0
47 verbose git [
47 verbose git   'tag',
47 verbose git   '@mysm/substraction@1.22.0',
47 verbose git   '-m',
47 verbose git   '@mysm/substraction@1.22.0'
47 verbose git ]
48 error Error: Command failed with exit code 128: git tag @mysm/calculate@1.20.0 -m @mysm/calculate@1.20.0
48 error fatal: tag '@mysm/calculate@1.20.0' already exists
48 error     at makeError (/Users/i320393/git/monorepo/node_modules/execa/lib/error.js:59:11)
48 error     at handlePromise (/Users/i320393/git/monorepo/node_modules/execa/index.js:114:26)
48 error     at runMicrotasks (<anonymous>)
48 error     at processTicksAndRejections (internal/process/task_queues.js:97:5)
48 error     at async Promise.all (index 0)
48 error     at async Promise.all (index 0)
